{
    "critiques": {
        "680": {
            "rubric_items": {
                "5510": {
                    "result": "failed",
                    "observation": "Not all of the tests passed.\n\n```\n************************************************************************\n                         Test Failure Feedback                          \n************************************************************************\n\nFailed Test: -1. Test imports & calls\n----------------------------------------------------------------------\nAssertionError: You may not import any additional modules. Remove the import statements for the following module(s): pdb\n\n\nFailed Test: -1. Test imports & calls\n----------------------------------------------------------------------\nAssertionError: You may not import any additional modules. Remove the import statements for the following module(s): pdb\n\n\nFailed Test: 11. Test output interface of custom_score()\n----------------------------------------------------------------------\nTraceback (most recent call last):\n  File \"/home/grader/isolation/workspace/game_agent.py\", line 147, in custom_score\n    return look_ahead_heuristic(game, player)\n  File \"/home/grader/isolation/workspace/game_agent.py\", line 118, in look_ahead_heuristic\n    own_moves += len(game.__get_moves__(m))\nAttributeError: 'Board' object has no attribute '__get_moves__'\n\n\nFailed Test: 12. Test output interface of custom_score_2()\n----------------------------------------------------------------------\nAttributeError: module 'workspace.game_agent' has no attribute 'custom_score_2'\n\n\nFailed Test: 13. Test output interface of custom_score_3()\n----------------------------------------------------------------------\nAttributeError: module 'workspace.game_agent' has no attribute 'custom_score_3'\n\n\n************************************************************************\n                          Test Result Summary                           \n************************************************************************\n\n-1. Test imports & calls:                                              F\n-1. Test imports & calls:                                              F\n11. Test output interface of custom_score():                           E\n12. Test output interface of custom_score_2():                         E\n13. Test output interface of custom_score_3():                         E\n\n------------------------------------------------------------------------\n            . - Test Passed    F - Test Failed    E - Error             \n\n```"
                },
                "7303": {
                    "result": "failed",
                    "observation": "Not all of the tests passed.\n\n```\n************************************************************************\n                         Test Failure Feedback                          \n************************************************************************\n\nFailed Test: 14. Submission includes heuristic_analysis.pdf\n----------------------------------------------------------------------\nAssertionError: False is not true : You must submit a report named heuristic_analysis.pdf for review.\n\n\nFailed Test: 15. Submission includes research_review.pdf\n----------------------------------------------------------------------\nAssertionError: False is not true : You must submit a report named research_review.pdf for review.\n\n\n************************************************************************\n                          Test Result Summary                           \n************************************************************************\n\n14. Submission includes heuristic_analysis.pdf:                        F\n15. Submission includes research_review.pdf:                           F\n\n------------------------------------------------------------------------\n            . - Test Passed    F - Test Failed    E - Error             \n\n```"
                }
            }
        }
    }
}